<?xml version="1.0" encoding="UTF-8"?>
<!-- Generated by org.testng.reporters.JUnitReportReporter -->
<testsuite hostname="LAPTOP-6L82N2OA" failures="0" tests="1" name="testpackage.LoginTestClass" time="0.458" errors="0" timestamp="2025-03-08T12:48:00 BDT" skipped="0">
  <testcase classname="testpackage.LoginTestClass" name="testlogin" time="0.458"/>
  <system-out/>
</testsuite> <!-- testpackage.LoginTestClass -->
