<?xml version="1.0" encoding="UTF-8"?>
<!-- Generated by org.testng.reporters.JUnitReportReporter -->
<testsuite hostname="LAPTOP-6L82N2OA" failures="0" tests="1" name="pommodelpackage.TestClass" time="0.472" errors="0" timestamp="2025-03-08T11:01:22 BDT" skipped="0">
  <testcase classname="pommodelpackage.TestClass" name="testlogin" time="0.472"/>
  <system-out/>
</testsuite> <!-- pommodelpackage.TestClass -->
