<?xml version="1.0" encoding="UTF-8"?>
<!-- Generated by org.testng.reporters.JUnitReportReporter -->
<testsuite hostname="LAPTOP-6L82N2OA" failures="0" tests="1" name="pommodelpackage.BaseClass" time="0.391" errors="0" timestamp="2025-03-07T22:49:52 BDT" skipped="0">
  <testcase classname="pommodelpackage.BaseClass" name="testlogin" time="0.391"/>
  <system-out/>
</testsuite> <!-- pommodelpackage.BaseClass -->
